0 info it worked if it ends with ok
1 verbose cli [ '/Users/kirillleontev/.nvm/versions/node/v5.0.0/bin/node',
1 verbose cli   '/Users/kirillleontev/.nvm/versions/node/v5.0.0/bin/npm',
1 verbose cli   'run',
1 verbose cli   'lint' ]
2 info using npm@4.0.3
3 info using node@v5.0.0
4 verbose run-script [ 'prelint', 'lint', 'postlint' ]
5 info lifecycle @j.u.p.iter/scripts@1.0.4~prelint: @j.u.p.iter/scripts@1.0.4
6 silly lifecycle @j.u.p.iter/scripts@1.0.4~prelint: no script for prelint, continuing
7 info lifecycle @j.u.p.iter/scripts@1.0.4~lint: @j.u.p.iter/scripts@1.0.4
8 verbose lifecycle @j.u.p.iter/scripts@1.0.4~lint: unsafe-perm in lifecycle true
9 verbose lifecycle @j.u.p.iter/scripts@1.0.4~lint: PATH: /Users/kirillleontev/.nvm/versions/node/v5.0.0/lib/node_modules/npm/bin/node-gyp-bin:/Users/kirillleontev/Sites/scripts/node_modules/.bin:/Users/kirillleontev/.nvm/versions/node/v5.0.0/bin:/Users/kirillleontev/.rvm/gems/ruby-2.0.0-p247/bin:/Users/kirillleontev/.rvm/gems/ruby-2.0.0-p247@global/bin:/Users/kirillleontev/.rvm/rubies/ruby-2.0.0-p247/bin:/Users/kirillleontev/.rbenv/shims:/usr/local/mysql/bin:/usr/local/bin:/usr/bin:/bin:/usr/sbin:/sbin:/Users/kirillleontev/.rvm/bin:/Users/kirillleontev/Library/Android/sdk/tools:/Users/kirillleontev/Library/Android/sdk/tools/bin:/Users/kirillleontev/Library/Android/sdk/platform-tools
10 verbose lifecycle @j.u.p.iter/scripts@1.0.4~lint: CWD: /Users/kirillleontev/Sites/scripts
11 silly lifecycle @j.u.p.iter/scripts@1.0.4~lint: Args: [ '-c', 'ts-node lib lint' ]
12 silly lifecycle @j.u.p.iter/scripts@1.0.4~lint: Returned: code: 1  signal: null
13 info lifecycle @j.u.p.iter/scripts@1.0.4~lint: Failed to exec lint script
14 verbose stack Error: @j.u.p.iter/scripts@1.0.4 lint: `ts-node lib lint`
14 verbose stack Exit status 1
14 verbose stack     at EventEmitter.<anonymous> (/Users/kirillleontev/.nvm/versions/node/v5.0.0/lib/node_modules/npm/lib/utils/lifecycle.js:279:16)
14 verbose stack     at emitTwo (events.js:87:13)
14 verbose stack     at EventEmitter.emit (events.js:172:7)
14 verbose stack     at ChildProcess.<anonymous> (/Users/kirillleontev/.nvm/versions/node/v5.0.0/lib/node_modules/npm/lib/utils/spawn.js:40:14)
14 verbose stack     at emitTwo (events.js:87:13)
14 verbose stack     at ChildProcess.emit (events.js:172:7)
14 verbose stack     at maybeClose (internal/child_process.js:818:16)
14 verbose stack     at Process.ChildProcess._handle.onexit (internal/child_process.js:211:5)
15 verbose pkgid @j.u.p.iter/scripts@1.0.4
16 verbose cwd /Users/kirillleontev/Sites/scripts
17 error Darwin 14.3.0
18 error argv "/Users/kirillleontev/.nvm/versions/node/v5.0.0/bin/node" "/Users/kirillleontev/.nvm/versions/node/v5.0.0/bin/npm" "run" "lint"
19 error node v5.0.0
20 error npm  v4.0.3
21 error code ELIFECYCLE
22 error @j.u.p.iter/scripts@1.0.4 lint: `ts-node lib lint`
22 error Exit status 1
23 error Failed at the @j.u.p.iter/scripts@1.0.4 lint script 'ts-node lib lint'.
23 error Make sure you have the latest version of node.js and npm installed.
23 error If you do, this is most likely a problem with the @j.u.p.iter/scripts package,
23 error not with npm itself.
23 error Tell the author that this fails on your system:
23 error     ts-node lib lint
23 error You can get information on how to open an issue for this project with:
23 error     npm bugs @j.u.p.iter/scripts
23 error Or if that isn't available, you can get their info via:
23 error     npm owner ls @j.u.p.iter/scripts
23 error There is likely additional logging output above.
24 verbose exit [ 1, true ]
